<?xml version="1.0" encoding="UTF-8"?>
<!-- Generated by org.testng.reporters.JUnitReportReporter -->
<testsuite hostname="LAPTOP-944629NT" failures="0" tests="1" name="org.testngPrac.FirstTest" time="7.943" errors="0" timestamp="2022-03-29T14:50:28 IST" skipped="0">
  <testcase classname="org.testngPrac.FirstTest" name="testGoogle" time="7.943"/>
  <system-out/>
</testsuite> <!-- org.testngPrac.FirstTest -->
